<?xml version="1.0" encoding="UTF-8"?>
<!-- Generated by org.testng.reporters.JUnitReportReporter -->
<testsuite hostname="DG" failures="0" tests="2" name="com.mystore.testcases.IndexPageTest" time="14.199" errors="0" timestamp="2024-12-08T15:16:06 IST" skipped="0">
  <testcase classname="com.mystore.testcases.IndexPageTest" name="verifyTitle" time="6.978"/>
  <system-out/>
  <testcase classname="com.mystore.testcases.IndexPageTest" name="verifyLogo" time="7.221"/>
  <system-out/>
</testsuite> <!-- com.mystore.testcases.IndexPageTest -->
